<?xml version="1.0" encoding="UTF-8"?>
<!-- Generated by org.testng.reporters.JUnitReportReporter -->
<testsuite hostname="DESKTOP-5EVK54D" failures="0" tests="3" name="runners.ProfileRunner" time="0.585" errors="0" timestamp="2023-08-29T08:11:46 IST" skipped="0">
  <testcase classname="runners.ProfileRunner" name="runScenario" time="0.357"/>
  <system-out/>
  <testcase classname="runners.ProfileRunner" name="runScenario" time="0.078"/>
  <system-out/>
  <testcase classname="runners.ProfileRunner" name="runScenario" time="0.150"/>
  <system-out/>
</testsuite> <!-- runners.ProfileRunner -->
