<?xml version="1.0" encoding="UTF-8"?>
<!-- Generated by org.testng.reporters.JUnitReportReporter -->
<testsuite hostname="DESKTOP-5EVK54D" failures="0" tests="1" name="runners.LoginWithDataRunner" time="0.295" errors="0" timestamp="2023-08-25T06:43:55 IST" skipped="0">
  <testcase classname="runners.LoginWithDataRunner" name="runScenario" time="0.295"/>
  <system-out/>
</testsuite> <!-- runners.LoginWithDataRunner -->
