<?xml version="1.0" encoding="UTF-8"?>
<!-- Generated by org.testng.reporters.JUnitReportReporter -->
<testsuite hostname="DESKTOP-5EVK54D" failures="0" tests="2" name="runners.LoginRunner" time="0.474" errors="0" timestamp="2023-08-31T08:05:33 IST" skipped="0">
  <testcase classname="runners.LoginRunner" name="runScenario" time="0.346"/>
  <system-out/>
  <testcase classname="runners.LoginRunner" name="runScenario" time="0.128"/>
  <system-out/>
</testsuite> <!-- runners.LoginRunner -->
