<?xml version="1.0" encoding="UTF-8"?>
<!-- Generated by org.testng.reporters.JUnitReportReporter -->
<testsuite hostname="DESKTOP-5EVK54D" failures="0" tests="1" name="runners.CampaignsRunner" time="0.305" errors="0" timestamp="2023-08-29T08:33:51 IST" skipped="0">
  <testcase classname="runners.CampaignsRunner" name="runScenario" time="0.305"/>
  <system-out/>
</testsuite> <!-- runners.CampaignsRunner -->
