<?xml version="1.0" encoding="UTF-8"?>
<!-- Generated by org.testng.reporters.JUnitReportReporter -->
<testsuite hostname="DESKTOP-5EVK54D" failures="0" tests="1" name="runners.RegistrationRunner" time="0.353" errors="0" timestamp="2023-08-28T08:19:50 IST" skipped="0">
  <testcase classname="runners.RegistrationRunner" name="runScenario" time="0.353"/>
  <system-out/>
</testsuite> <!-- runners.RegistrationRunner -->
