<?xml version="1.0" encoding="UTF-8"?>
<!-- Generated by org.testng.reporters.JUnitReportReporter -->
<testsuite hostname="DESKTOP-5EVK54D" failures="0" tests="3" name="runners.CampaignsRunner" time="0.608" errors="0" timestamp="2023-08-31T07:56:59 IST" skipped="0">
  <testcase classname="runners.CampaignsRunner" name="runScenario" time="0.385"/>
  <system-out/>
  <testcase classname="runners.CampaignsRunner" name="runScenario" time="0.112"/>
  <system-out/>
  <testcase classname="runners.CampaignsRunner" name="runScenario" time="0.111"/>
  <system-out/>
</testsuite> <!-- runners.CampaignsRunner -->
